<?xml version="1.0" encoding="UTF-8"?>
<!-- Generated by org.testng.reporters.JUnitReportReporter -->
<testsuite hostname="LAPTOP-54G2VFOD" failures="0" tests="1" name="restAssured.TC_001" time="2.102" errors="0" timestamp="2019-11-23T18:07:27 EST" skipped="0">
  <testcase classname="restAssured.TC_001" name="getEmployeeData" time="2.102"/>
</testsuite> <!-- restAssured.TC_001 -->
